<?xml version="1.0" encoding="UTF-8"?>
<!-- Generated by org.testng.reporters.JUnitReportReporter -->
<testsuite hostname="TarekQussurance.internal.pixacore.com" failures="0" tests="1" name="RunnerPack.TestRunner" time="3.686" errors="0" timestamp="19 Jul 2018 19:34:26 GMT" skipped="0">
  <testcase classname="RunnerPack.TestRunner" name="runScenario" time="3.686"/>
</testsuite> <!-- RunnerPack.TestRunner -->
